<?xml version="1.0" encoding="UTF-8"?>
<!-- Generated by org.testng.reporters.JUnitReportReporter -->
<testsuite hostname="User-PC" failures="0" tests="1" name="com.ShoppingApplication.scripts.ProductDelivery" time="31.256" errors="0" timestamp="05 Jan 2021 18:47:15 GMT" skipped="0">
  <testcase classname="com.ShoppingApplication.scripts.ProductDelivery" name="Delivery" time="31.256"/>
</testsuite> <!-- com.ShoppingApplication.scripts.ProductDelivery -->
