<?xml version="1.0" encoding="UTF-8"?>
<!-- Generated by org.testng.reporters.JUnitReportReporter -->
<testsuite hostname="User-PC" failures="0" tests="1" name="com.ShoppingApplication.scripts.AddToCart1" time="49.462" errors="0" timestamp="07 Jan 2021 08:32:38 GMT" skipped="0">
  <testcase classname="com.ShoppingApplication.scripts.AddToCart1" name="cart" time="49.462"/>
</testsuite> <!-- com.ShoppingApplication.scripts.AddToCart1 -->
