<?xml version="1.0" encoding="UTF-8"?>
<!-- Generated by org.testng.reporters.JUnitReportReporter -->
<testsuite hostname="User-PC" failures="0" tests="1" name="com.ShoppingApplication.scripts.AddingProcductCart" time="65.733" errors="0" timestamp="05 Jan 2021 18:47:15 GMT" skipped="0">
  <testcase classname="com.ShoppingApplication.scripts.AddingProcductCart" name="addindProductoCart" time="65.733"/>
</testsuite> <!-- com.ShoppingApplication.scripts.AddingProcductCart -->
